  [1m[35m (0.1ms)[0m  [1m[34mSELECT sqlite_version(*)[0m
  ↳ /usr/local/bin/rake:23
  [1m[35m (1.5ms)[0m  [1m[35mCREATE TABLE "schema_migrations" ("version" varchar NOT NULL PRIMARY KEY)[0m
  ↳ /usr/local/bin/rake:23
  [1m[35m (1.5ms)[0m  [1m[35mCREATE TABLE "ar_internal_metadata" ("key" varchar NOT NULL PRIMARY KEY, "value" varchar, "created_at" datetime NOT NULL, "updated_at" datetime NOT NULL)[0m
  ↳ /usr/local/bin/rake:23
  [1m[35m (0.2ms)[0m  [1m[34mSELECT "schema_migrations"."version" FROM "schema_migrations" ORDER BY "schema_migrations"."version" ASC[0m
  ↳ /usr/local/bin/rake:23
Migrating to CreateItems (20180506195638)
  [1m[35m (0.1ms)[0m  [1m[36mbegin transaction[0m
  ↳ /usr/local/bin/rake:23
  [1m[35m (0.3ms)[0m  [1m[35mCREATE TABLE "items" ("id" integer PRIMARY KEY AUTOINCREMENT NOT NULL, "name" varchar, "description" text, "created_at" datetime NOT NULL, "updated_at" datetime NOT NULL)[0m
  ↳ db/migrate/20180506195638_create_items.rb:3
  [1m[36mActiveRecord::SchemaMigration Create (0.2ms)[0m  [1m[32mINSERT INTO "schema_migrations" ("version") VALUES (?)[0m  [["version", "20180506195638"]]
  ↳ /usr/local/bin/rake:23
  [1m[35m (1.2ms)[0m  [1m[36mcommit transaction[0m
  ↳ /usr/local/bin/rake:23
  [1m[36mActiveRecord::InternalMetadata Load (0.1ms)[0m  [1m[34mSELECT  "ar_internal_metadata".* FROM "ar_internal_metadata" WHERE "ar_internal_metadata"."key" = ? LIMIT ?[0m  [["key", "environment"], ["LIMIT", 1]]
  ↳ /usr/local/bin/rake:23
  [1m[35m (0.0ms)[0m  [1m[36mbegin transaction[0m
  ↳ /usr/local/bin/rake:23
  [1m[36mActiveRecord::InternalMetadata Create (0.3ms)[0m  [1m[32mINSERT INTO "ar_internal_metadata" ("key", "value", "created_at", "updated_at") VALUES (?, ?, ?, ?)[0m  [["key", "environment"], ["value", "development"], ["created_at", "2018-05-06 19:56:47.798903"], ["updated_at", "2018-05-06 19:56:47.798903"]]
  ↳ /usr/local/bin/rake:23
  [1m[35m (0.7ms)[0m  [1m[36mcommit transaction[0m
  ↳ /usr/local/bin/rake:23
  [1m[35m (0.1ms)[0m  [1m[34mSELECT "schema_migrations"."version" FROM "schema_migrations" ORDER BY "schema_migrations"."version" ASC[0m
  ↳ /usr/local/bin/rake:23
  [1m[35m (0.1ms)[0m  [1m[34mSELECT "schema_migrations"."version" FROM "schema_migrations" ORDER BY "schema_migrations"."version" ASC[0m
  ↳ /usr/local/bin/rake:23
  [1m[35m (0.2ms)[0m  [1m[34mSELECT "schema_migrations"."version" FROM "schema_migrations" ORDER BY "schema_migrations"."version" ASC[0m
  ↳ /usr/local/bin/rake:23
  [1m[35m (0.1ms)[0m  [1m[36mbegin transaction[0m
  ↳ db/seeds.rb:9
  [1m[36mItem Create (0.4ms)[0m  [1m[32mINSERT INTO "items" ("name", "description", "created_at", "updated_at") VALUES (?, ?, ?, ?)[0m  [["name", "Item"], ["description", "I am a description"], ["created_at", "2018-05-06 19:58:25.213088"], ["updated_at", "2018-05-06 19:58:25.213088"]]
  ↳ db/seeds.rb:9
  [1m[35m (1.2ms)[0m  [1m[36mcommit transaction[0m
  ↳ db/seeds.rb:9
  [1m[35m (0.1ms)[0m  [1m[36mbegin transaction[0m
  ↳ db/seeds.rb:9
  [1m[36mItem Create (0.3ms)[0m  [1m[32mINSERT INTO "items" ("name", "description", "created_at", "updated_at") VALUES (?, ?, ?, ?)[0m  [["name", "Item"], ["description", "I am a description"], ["created_at", "2018-05-06 19:58:25.216499"], ["updated_at", "2018-05-06 19:58:25.216499"]]
  ↳ db/seeds.rb:9
  [1m[35m (1.0ms)[0m  [1m[36mcommit transaction[0m
  ↳ db/seeds.rb:9
  [1m[35m (0.0ms)[0m  [1m[36mbegin transaction[0m
  ↳ db/seeds.rb:9
  [1m[36mItem Create (0.3ms)[0m  [1m[32mINSERT INTO "items" ("name", "description", "created_at", "updated_at") VALUES (?, ?, ?, ?)[0m  [["name", "Item"], ["description", "I am a description"], ["created_at", "2018-05-06 19:58:25.219047"], ["updated_at", "2018-05-06 19:58:25.219047"]]
  ↳ db/seeds.rb:9
  [1m[35m (0.7ms)[0m  [1m[36mcommit transaction[0m
  ↳ db/seeds.rb:9
  [1m[35m (0.0ms)[0m  [1m[36mbegin transaction[0m
  ↳ db/seeds.rb:9
  [1m[36mItem Create (0.3ms)[0m  [1m[32mINSERT INTO "items" ("name", "description", "created_at", "updated_at") VALUES (?, ?, ?, ?)[0m  [["name", "Item"], ["description", "I am a description"], ["created_at", "2018-05-06 19:58:25.221492"], ["updated_at", "2018-05-06 19:58:25.221492"]]
  ↳ db/seeds.rb:9
  [1m[35m (0.9ms)[0m  [1m[36mcommit transaction[0m
  ↳ db/seeds.rb:9
  [1m[35m (0.0ms)[0m  [1m[36mbegin transaction[0m
  ↳ db/seeds.rb:9
  [1m[36mItem Create (0.3ms)[0m  [1m[32mINSERT INTO "items" ("name", "description", "created_at", "updated_at") VALUES (?, ?, ?, ?)[0m  [["name", "Item"], ["description", "I am a description"], ["created_at", "2018-05-06 19:58:25.223814"], ["updated_at", "2018-05-06 19:58:25.223814"]]
  ↳ db/seeds.rb:9
  [1m[35m (1.5ms)[0m  [1m[36mcommit transaction[0m
  ↳ db/seeds.rb:9
  [1m[35m (0.1ms)[0m  [1m[36mbegin transaction[0m
  ↳ db/seeds.rb:9
  [1m[36mItem Create (0.3ms)[0m  [1m[32mINSERT INTO "items" ("name", "description", "created_at", "updated_at") VALUES (?, ?, ?, ?)[0m  [["name", "Item"], ["description", "I am a description"], ["created_at", "2018-05-06 19:58:25.227526"], ["updated_at", "2018-05-06 19:58:25.227526"]]
  ↳ db/seeds.rb:9
  [1m[35m (1.0ms)[0m  [1m[36mcommit transaction[0m
  ↳ db/seeds.rb:9
  [1m[35m (0.0ms)[0m  [1m[36mbegin transaction[0m
  ↳ db/seeds.rb:9
  [1m[36mItem Create (0.3ms)[0m  [1m[32mINSERT INTO "items" ("name", "description", "created_at", "updated_at") VALUES (?, ?, ?, ?)[0m  [["name", "Item"], ["description", "I am a description"], ["created_at", "2018-05-06 19:58:25.230225"], ["updated_at", "2018-05-06 19:58:25.230225"]]
  ↳ db/seeds.rb:9
  [1m[35m (1.2ms)[0m  [1m[36mcommit transaction[0m
  ↳ db/seeds.rb:9
  [1m[35m (0.1ms)[0m  [1m[36mbegin transaction[0m
  ↳ db/seeds.rb:9
  [1m[36mItem Create (0.3ms)[0m  [1m[32mINSERT INTO "items" ("name", "description", "created_at", "updated_at") VALUES (?, ?, ?, ?)[0m  [["name", "Item"], ["description", "I am a description"], ["created_at", "2018-05-06 19:58:25.233047"], ["updated_at", "2018-05-06 19:58:25.233047"]]
  ↳ db/seeds.rb:9
  [1m[35m (1.1ms)[0m  [1m[36mcommit transaction[0m
  ↳ db/seeds.rb:9
  [1m[35m (0.0ms)[0m  [1m[36mbegin transaction[0m
  ↳ db/seeds.rb:9
  [1m[36mItem Create (0.3ms)[0m  [1m[32mINSERT INTO "items" ("name", "description", "created_at", "updated_at") VALUES (?, ?, ?, ?)[0m  [["name", "Item"], ["description", "I am a description"], ["created_at", "2018-05-06 19:58:25.235425"], ["updated_at", "2018-05-06 19:58:25.235425"]]
  ↳ db/seeds.rb:9
  [1m[35m (0.8ms)[0m  [1m[36mcommit transaction[0m
  ↳ db/seeds.rb:9
  [1m[35m (0.0ms)[0m  [1m[36mbegin transaction[0m
  ↳ db/seeds.rb:9
  [1m[36mItem Create (0.3ms)[0m  [1m[32mINSERT INTO "items" ("name", "description", "created_at", "updated_at") VALUES (?, ?, ?, ?)[0m  [["name", "Item"], ["description", "I am a description"], ["created_at", "2018-05-06 19:58:25.237646"], ["updated_at", "2018-05-06 19:58:25.237646"]]
  ↳ db/seeds.rb:9
  [1m[35m (0.7ms)[0m  [1m[36mcommit transaction[0m
  ↳ db/seeds.rb:9
Started GET "/" for 127.0.0.1 at 2018-05-06 23:38:10 +0300
  [1m[35m (0.6ms)[0m  [1m[34mSELECT "schema_migrations"."version" FROM "schema_migrations" ORDER BY "schema_migrations"."version" ASC[0m
  ↳ /usr/local/lib/ruby/gems/2.5.0/gems/activerecord-5.2.0/lib/active_record/log_subscriber.rb:98
Processing by Rails::WelcomeController#index as HTML
  Rendering /usr/local/lib/ruby/gems/2.5.0/gems/railties-5.2.0/lib/rails/templates/rails/welcome/index.html.erb
  Rendered /usr/local/lib/ruby/gems/2.5.0/gems/railties-5.2.0/lib/rails/templates/rails/welcome/index.html.erb (5.4ms)
Completed 200 OK in 31ms (Views: 16.1ms | ActiveRecord: 0.0ms)


Started GET "/api/v1" for 127.0.0.1 at 2018-05-06 23:38:20 +0300
  
ActionController::RoutingError (No route matches [GET] "/api/v1"):
  
actionpack (5.2.0) lib/action_dispatch/middleware/debug_exceptions.rb:65:in `call'
web-console (3.6.2) lib/web_console/middleware.rb:135:in `call_app'
web-console (3.6.2) lib/web_console/middleware.rb:30:in `block in call'
web-console (3.6.2) lib/web_console/middleware.rb:20:in `catch'
web-console (3.6.2) lib/web_console/middleware.rb:20:in `call'
actionpack (5.2.0) lib/action_dispatch/middleware/show_exceptions.rb:33:in `call'
railties (5.2.0) lib/rails/rack/logger.rb:38:in `call_app'
railties (5.2.0) lib/rails/rack/logger.rb:26:in `block in call'
activesupport (5.2.0) lib/active_support/tagged_logging.rb:71:in `block in tagged'
activesupport (5.2.0) lib/active_support/tagged_logging.rb:28:in `tagged'
activesupport (5.2.0) lib/active_support/tagged_logging.rb:71:in `tagged'
railties (5.2.0) lib/rails/rack/logger.rb:26:in `call'
sprockets-rails (3.2.1) lib/sprockets/rails/quiet_assets.rb:13:in `call'
actionpack (5.2.0) lib/action_dispatch/middleware/remote_ip.rb:81:in `call'
actionpack (5.2.0) lib/action_dispatch/middleware/request_id.rb:27:in `call'
rack (2.0.5) lib/rack/method_override.rb:22:in `call'
rack (2.0.5) lib/rack/runtime.rb:22:in `call'
activesupport (5.2.0) lib/active_support/cache/strategy/local_cache_middleware.rb:29:in `call'
actionpack (5.2.0) lib/action_dispatch/middleware/executor.rb:14:in `call'
actionpack (5.2.0) lib/action_dispatch/middleware/static.rb:127:in `call'
rack (2.0.5) lib/rack/sendfile.rb:111:in `call'
railties (5.2.0) lib/rails/engine.rb:524:in `call'
puma (3.11.4) lib/puma/configuration.rb:225:in `call'
puma (3.11.4) lib/puma/server.rb:632:in `handle_request'
puma (3.11.4) lib/puma/server.rb:446:in `process_client'
puma (3.11.4) lib/puma/server.rb:306:in `block in run'
puma (3.11.4) lib/puma/thread_pool.rb:120:in `block in spawn_thread'
Started GET "/api/v1/items.json" for 127.0.0.1 at 2018-05-06 23:38:34 +0300
  
ActionController::RoutingError (undefined method `with' for ApplicationController:Class):
  
app/controllers/application_controller.rb:2:in `<class:ApplicationController>'
app/controllers/application_controller.rb:1:in `<main>'
app/controllers/api/v1/base_controller.rb:1:in `<main>'
app/controllers/api/v1/items_controller.rb:1:in `<main>'
Started GET "/api/v1/items.json" for 127.0.0.1 at 2018-05-06 23:38:43 +0300
  
ActionController::RoutingError (undefined method `with' for ApplicationController:Class):
  
app/controllers/application_controller.rb:2:in `<class:ApplicationController>'
app/controllers/application_controller.rb:1:in `<main>'
app/controllers/api/v1/base_controller.rb:1:in `<main>'
app/controllers/api/v1/items_controller.rb:1:in `<main>'
Started GET "/api/v1/items.json" for 127.0.0.1 at 2018-05-06 23:39:25 +0300
  [1m[35m (0.8ms)[0m  [1m[34mSELECT "schema_migrations"."version" FROM "schema_migrations" ORDER BY "schema_migrations"."version" ASC[0m
  ↳ /usr/local/lib/ruby/gems/2.5.0/gems/activerecord-5.2.0/lib/active_record/log_subscriber.rb:98
  
ActionController::RoutingError (undefined method `respond_to' for Api::V1::BaseController:Class
Did you mean?  respond_to?):
  
app/controllers/api/v1/base_controller.rb:2:in `<class:BaseController>'
app/controllers/api/v1/base_controller.rb:1:in `<main>'
app/controllers/api/v1/items_controller.rb:1:in `<main>'
Started GET "/api/v1/items.json" for 127.0.0.1 at 2018-05-06 23:42:51 +0300
  [1m[35m (0.7ms)[0m  [1m[34mSELECT "schema_migrations"."version" FROM "schema_migrations" ORDER BY "schema_migrations"."version" ASC[0m
  ↳ /usr/local/lib/ruby/gems/2.5.0/gems/activerecord-5.2.0/lib/active_record/log_subscriber.rb:98
Processing by Api::V1::ItemsController#index as JSON
  [1m[36mItem Load (0.4ms)[0m  [1m[34mSELECT "items".* FROM "items"[0m
  ↳ app/controllers/api/v1/items_controller.rb:4
Completed 200 OK in 30ms (Views: 9.6ms | ActiveRecord: 1.1ms)


Started GET "/api/v1/items.json" for 127.0.0.1 at 2018-05-07 00:15:04 +0300
  [1m[35m (0.5ms)[0m  [1m[34mSELECT "schema_migrations"."version" FROM "schema_migrations" ORDER BY "schema_migrations"."version" ASC[0m
  ↳ /usr/local/lib/ruby/gems/2.5.0/gems/activerecord-5.2.0/lib/active_record/log_subscriber.rb:98
Processing by Api::V1::ItemsController#index as JSON
  [1m[36mItem Load (0.4ms)[0m  [1m[34mSELECT "items".* FROM "items"[0m
  ↳ app/controllers/api/v1/items_controller.rb:4
Completed 200 OK in 33ms (Views: 9.0ms | ActiveRecord: 1.0ms)


Started GET "/api/v1/items.json" for 127.0.0.1 at 2018-05-07 00:15:06 +0300
Processing by Api::V1::ItemsController#index as JSON
  [1m[36mItem Load (0.2ms)[0m  [1m[34mSELECT "items".* FROM "items"[0m
  ↳ app/controllers/api/v1/items_controller.rb:4
Completed 200 OK in 12ms (Views: 2.7ms | ActiveRecord: 0.2ms)


Started GET "/" for 127.0.0.1 at 2018-05-07 00:15:10 +0300
Processing by SiteController#index as HTML
  Rendering site/index.html.erb within layouts/application
  Rendered site/index.html.erb within layouts/application (2.5ms)
Completed 200 OK in 4939ms (Views: 4935.3ms | ActiveRecord: 0.0ms)


Started GET "/" for 127.0.0.1 at 2018-05-07 00:16:49 +0300
  [1m[35m (0.5ms)[0m  [1m[34mSELECT "schema_migrations"."version" FROM "schema_migrations" ORDER BY "schema_migrations"."version" ASC[0m
  ↳ /usr/local/lib/ruby/gems/2.5.0/gems/activerecord-5.2.0/lib/active_record/log_subscriber.rb:98
Processing by SiteController#index as HTML
  Rendering site/index.html.erb within layouts/application
  Rendered site/index.html.erb within layouts/application (1.3ms)
Completed 200 OK in 448ms (Views: 439.9ms | ActiveRecord: 0.0ms)


Started GET "/" for 127.0.0.1 at 2018-05-07 00:57:33 +0300
  [1m[35m (0.5ms)[0m  [1m[34mSELECT "schema_migrations"."version" FROM "schema_migrations" ORDER BY "schema_migrations"."version" ASC[0m
  ↳ /usr/local/lib/ruby/gems/2.5.0/gems/activerecord-5.2.0/lib/active_record/log_subscriber.rb:98
Processing by SiteController#index as HTML
  Rendering site/index.html.erb within layouts/application
  Rendered site/index.html.erb within layouts/application (1.1ms)
Completed 200 OK in 5159ms (Views: 5148.8ms | ActiveRecord: 0.0ms)


Started GET "/" for 127.0.0.1 at 2018-05-07 01:00:36 +0300
Processing by SiteController#index as HTML
  Rendering site/index.html.erb within layouts/application
  Rendered site/index.html.erb within layouts/application (1.1ms)
Completed 500 Internal Server Error in 43ms (ActiveRecord: 0.0ms)


  
ActionView::Template::Error (couldn't find file 'jquery' with type 'application/javascript'
Checked in these paths: 
  /Users/xperiall/misc/railsCrud/item_cart/app/assets/config
  /Users/xperiall/misc/railsCrud/item_cart/app/assets/images
  /Users/xperiall/misc/railsCrud/item_cart/app/assets/javascripts
  /Users/xperiall/misc/railsCrud/item_cart/app/assets/stylesheets
  /usr/local/lib/ruby/gems/2.5.0/gems/coffee-rails-4.2.2/lib/assets/javascripts
  /usr/local/lib/ruby/gems/2.5.0/gems/actioncable-5.2.0/lib/assets/compiled
  /usr/local/lib/ruby/gems/2.5.0/gems/activestorage-5.2.0/app/assets/javascripts
  /usr/local/lib/ruby/gems/2.5.0/gems/actionview-5.2.0/lib/assets/compiled
  /usr/local/lib/ruby/gems/2.5.0/gems/turbolinks-source-5.1.0/lib/assets/javascripts
  /Users/xperiall/misc/railsCrud/item_cart/node_modules
  /usr/local/lib/ruby/gems/2.5.0/gems/react-rails-2.3.1/lib/assets/react-source/development
  /usr/local/lib/ruby/gems/2.5.0/gems/react-rails-2.3.1/lib/assets/javascripts):
     6:     <%= csp_meta_tag %>
     7: 
     8:     <%= stylesheet_link_tag    'application', media: 'all', 'data-turbolinks-track': 'reload' %>
     9:     <%= javascript_include_tag 'application', 'data-turbolinks-track': 'reload' %>
    10:   </head>
    11: 
    12:   <body>
  
app/assets/javascripts/application.js:13
app/views/layouts/application.html.erb:9:in `_app_views_layouts_application_html_erb__1393315920688667894_70160400799920'
Started GET "/" for 127.0.0.1 at 2018-05-07 01:02:57 +0300
  [1m[35m (0.4ms)[0m  [1m[34mSELECT "schema_migrations"."version" FROM "schema_migrations" ORDER BY "schema_migrations"."version" ASC[0m
  ↳ /usr/local/lib/ruby/gems/2.5.0/gems/activerecord-5.2.0/lib/active_record/log_subscriber.rb:98
Processing by SiteController#index as HTML
  Rendering site/index.html.erb within layouts/application
  Rendered site/index.html.erb within layouts/application (3.6ms)
Completed 500 Internal Server Error in 4923ms (ActiveRecord: 0.0ms)


  
ActionView::Template::Error (couldn't find file 'jquery' with type 'application/javascript'
Checked in these paths: 
  /Users/xperiall/misc/railsCrud/item_cart/app/assets/config
  /Users/xperiall/misc/railsCrud/item_cart/app/assets/images
  /Users/xperiall/misc/railsCrud/item_cart/app/assets/javascripts
  /Users/xperiall/misc/railsCrud/item_cart/app/assets/stylesheets
  /usr/local/lib/ruby/gems/2.5.0/gems/coffee-rails-4.2.2/lib/assets/javascripts
  /usr/local/lib/ruby/gems/2.5.0/gems/actioncable-5.2.0/lib/assets/compiled
  /usr/local/lib/ruby/gems/2.5.0/gems/activestorage-5.2.0/app/assets/javascripts
  /usr/local/lib/ruby/gems/2.5.0/gems/actionview-5.2.0/lib/assets/compiled
  /usr/local/lib/ruby/gems/2.5.0/gems/turbolinks-source-5.1.0/lib/assets/javascripts
  /Users/xperiall/misc/railsCrud/item_cart/node_modules
  /usr/local/lib/ruby/gems/2.5.0/gems/react-rails-2.3.1/lib/assets/react-source/development
  /usr/local/lib/ruby/gems/2.5.0/gems/react-rails-2.3.1/lib/assets/javascripts):
     5:     <%= csrf_meta_tags %>
     6:     <%= csp_meta_tag %>
     7: 
     8:     <%= stylesheet_link_tag    'application', media: 'all', 'data-turbolinks-track': 'reload' %>
     9:     <%= javascript_include_tag 'application', 'data-turbolinks-track': 'reload' %>
    10:   </head>
    11: 
  
app/assets/javascripts/application.js:13
app/views/layouts/application.html.erb:8:in `_app_views_layouts_application_html_erb__4222923815385907366_70293529681400'
Started GET "/" for 127.0.0.1 at 2018-05-07 01:05:05 +0300
  [1m[35m (0.5ms)[0m  [1m[34mSELECT "schema_migrations"."version" FROM "schema_migrations" ORDER BY "schema_migrations"."version" ASC[0m
  ↳ /usr/local/lib/ruby/gems/2.5.0/gems/activerecord-5.2.0/lib/active_record/log_subscriber.rb:98
Processing by SiteController#index as HTML
  Rendering site/index.html.erb within layouts/application
  Rendered site/index.html.erb within layouts/application (2.0ms)
Completed 200 OK in 5882ms (Views: 5871.2ms | ActiveRecord: 0.0ms)


Started GET "/api/v1/items.json" for 127.0.0.1 at 2018-05-07 01:05:47 +0300
Processing by Api::V1::ItemsController#index as JSON
  [1m[36mItem Load (0.7ms)[0m  [1m[34mSELECT "items".* FROM "items"[0m
  ↳ app/controllers/api/v1/items_controller.rb:4
Completed 200 OK in 36ms (Views: 12.6ms | ActiveRecord: 2.4ms)


Started GET "/" for 127.0.0.1 at 2018-05-07 01:06:49 +0300
Processing by SiteController#index as HTML
  Rendering site/index.html.erb within layouts/application
  Rendered site/index.html.erb within layouts/application (1.4ms)
Completed 200 OK in 87ms (Views: 83.5ms | ActiveRecord: 0.0ms)


Started GET "/api/v1/" for 127.0.0.1 at 2018-05-07 01:07:30 +0300
  
ActionController::RoutingError (No route matches [GET] "/api/v1"):
  
actionpack (5.2.0) lib/action_dispatch/middleware/debug_exceptions.rb:65:in `call'
web-console (3.6.2) lib/web_console/middleware.rb:135:in `call_app'
web-console (3.6.2) lib/web_console/middleware.rb:30:in `block in call'
web-console (3.6.2) lib/web_console/middleware.rb:20:in `catch'
web-console (3.6.2) lib/web_console/middleware.rb:20:in `call'
actionpack (5.2.0) lib/action_dispatch/middleware/show_exceptions.rb:33:in `call'
railties (5.2.0) lib/rails/rack/logger.rb:38:in `call_app'
railties (5.2.0) lib/rails/rack/logger.rb:26:in `block in call'
activesupport (5.2.0) lib/active_support/tagged_logging.rb:71:in `block in tagged'
activesupport (5.2.0) lib/active_support/tagged_logging.rb:28:in `tagged'
activesupport (5.2.0) lib/active_support/tagged_logging.rb:71:in `tagged'
railties (5.2.0) lib/rails/rack/logger.rb:26:in `call'
sprockets-rails (3.2.1) lib/sprockets/rails/quiet_assets.rb:13:in `call'
actionpack (5.2.0) lib/action_dispatch/middleware/remote_ip.rb:81:in `call'
actionpack (5.2.0) lib/action_dispatch/middleware/request_id.rb:27:in `call'
rack (2.0.5) lib/rack/method_override.rb:22:in `call'
rack (2.0.5) lib/rack/runtime.rb:22:in `call'
activesupport (5.2.0) lib/active_support/cache/strategy/local_cache_middleware.rb:29:in `call'
actionpack (5.2.0) lib/action_dispatch/middleware/executor.rb:14:in `call'
actionpack (5.2.0) lib/action_dispatch/middleware/static.rb:127:in `call'
rack (2.0.5) lib/rack/sendfile.rb:111:in `call'
railties (5.2.0) lib/rails/engine.rb:524:in `call'
puma (3.11.4) lib/puma/configuration.rb:225:in `call'
puma (3.11.4) lib/puma/server.rb:632:in `handle_request'
puma (3.11.4) lib/puma/server.rb:446:in `process_client'
puma (3.11.4) lib/puma/server.rb:306:in `block in run'
puma (3.11.4) lib/puma/thread_pool.rb:120:in `block in spawn_thread'
Started GET "/api/v1/1" for 127.0.0.1 at 2018-05-07 01:07:37 +0300
  
ActionController::RoutingError (No route matches [GET] "/api/v1/1"):
  
actionpack (5.2.0) lib/action_dispatch/middleware/debug_exceptions.rb:65:in `call'
web-console (3.6.2) lib/web_console/middleware.rb:135:in `call_app'
web-console (3.6.2) lib/web_console/middleware.rb:30:in `block in call'
web-console (3.6.2) lib/web_console/middleware.rb:20:in `catch'
web-console (3.6.2) lib/web_console/middleware.rb:20:in `call'
actionpack (5.2.0) lib/action_dispatch/middleware/show_exceptions.rb:33:in `call'
railties (5.2.0) lib/rails/rack/logger.rb:38:in `call_app'
railties (5.2.0) lib/rails/rack/logger.rb:26:in `block in call'
activesupport (5.2.0) lib/active_support/tagged_logging.rb:71:in `block in tagged'
activesupport (5.2.0) lib/active_support/tagged_logging.rb:28:in `tagged'
activesupport (5.2.0) lib/active_support/tagged_logging.rb:71:in `tagged'
railties (5.2.0) lib/rails/rack/logger.rb:26:in `call'
sprockets-rails (3.2.1) lib/sprockets/rails/quiet_assets.rb:13:in `call'
actionpack (5.2.0) lib/action_dispatch/middleware/remote_ip.rb:81:in `call'
actionpack (5.2.0) lib/action_dispatch/middleware/request_id.rb:27:in `call'
rack (2.0.5) lib/rack/method_override.rb:22:in `call'
rack (2.0.5) lib/rack/runtime.rb:22:in `call'
activesupport (5.2.0) lib/active_support/cache/strategy/local_cache_middleware.rb:29:in `call'
actionpack (5.2.0) lib/action_dispatch/middleware/executor.rb:14:in `call'
actionpack (5.2.0) lib/action_dispatch/middleware/static.rb:127:in `call'
rack (2.0.5) lib/rack/sendfile.rb:111:in `call'
railties (5.2.0) lib/rails/engine.rb:524:in `call'
puma (3.11.4) lib/puma/configuration.rb:225:in `call'
puma (3.11.4) lib/puma/server.rb:632:in `handle_request'
puma (3.11.4) lib/puma/server.rb:446:in `process_client'
puma (3.11.4) lib/puma/server.rb:306:in `block in run'
puma (3.11.4) lib/puma/thread_pool.rb:120:in `block in spawn_thread'
Started GET "/api/v1/items/1" for 127.0.0.1 at 2018-05-07 01:07:52 +0300
  
ActionController::RoutingError (No route matches [GET] "/api/v1/items/1"):
  
actionpack (5.2.0) lib/action_dispatch/middleware/debug_exceptions.rb:65:in `call'
web-console (3.6.2) lib/web_console/middleware.rb:135:in `call_app'
web-console (3.6.2) lib/web_console/middleware.rb:30:in `block in call'
web-console (3.6.2) lib/web_console/middleware.rb:20:in `catch'
web-console (3.6.2) lib/web_console/middleware.rb:20:in `call'
actionpack (5.2.0) lib/action_dispatch/middleware/show_exceptions.rb:33:in `call'
railties (5.2.0) lib/rails/rack/logger.rb:38:in `call_app'
railties (5.2.0) lib/rails/rack/logger.rb:26:in `block in call'
activesupport (5.2.0) lib/active_support/tagged_logging.rb:71:in `block in tagged'
activesupport (5.2.0) lib/active_support/tagged_logging.rb:28:in `tagged'
activesupport (5.2.0) lib/active_support/tagged_logging.rb:71:in `tagged'
railties (5.2.0) lib/rails/rack/logger.rb:26:in `call'
sprockets-rails (3.2.1) lib/sprockets/rails/quiet_assets.rb:13:in `call'
actionpack (5.2.0) lib/action_dispatch/middleware/remote_ip.rb:81:in `call'
actionpack (5.2.0) lib/action_dispatch/middleware/request_id.rb:27:in `call'
rack (2.0.5) lib/rack/method_override.rb:22:in `call'
rack (2.0.5) lib/rack/runtime.rb:22:in `call'
activesupport (5.2.0) lib/active_support/cache/strategy/local_cache_middleware.rb:29:in `call'
actionpack (5.2.0) lib/action_dispatch/middleware/executor.rb:14:in `call'
actionpack (5.2.0) lib/action_dispatch/middleware/static.rb:127:in `call'
rack (2.0.5) lib/rack/sendfile.rb:111:in `call'
railties (5.2.0) lib/rails/engine.rb:524:in `call'
puma (3.11.4) lib/puma/configuration.rb:225:in `call'
puma (3.11.4) lib/puma/server.rb:632:in `handle_request'
puma (3.11.4) lib/puma/server.rb:446:in `process_client'
puma (3.11.4) lib/puma/server.rb:306:in `block in run'
puma (3.11.4) lib/puma/thread_pool.rb:120:in `block in spawn_thread'
Started GET "/api/v1/items" for 127.0.0.1 at 2018-05-07 01:08:09 +0300
Processing by Api::V1::ItemsController#index as HTML
Completed 406 Not Acceptable in 1ms (ActiveRecord: 0.0ms)


  
ActionController::UnknownFormat (ActionController::UnknownFormat):
  
app/controllers/api/v1/items_controller.rb:4:in `index'
Started GET "/api/v1/items.json" for 127.0.0.1 at 2018-05-07 01:08:21 +0300
Processing by Api::V1::ItemsController#index as JSON
  [1m[36mItem Load (0.7ms)[0m  [1m[34mSELECT "items".* FROM "items"[0m
  ↳ app/controllers/api/v1/items_controller.rb:4
Completed 200 OK in 10ms (Views: 3.2ms | ActiveRecord: 0.7ms)


Started GET "/api/v1/items" for 127.0.0.1 at 2018-05-07 01:08:24 +0300
Processing by Api::V1::ItemsController#index as HTML
Completed 406 Not Acceptable in 1ms (ActiveRecord: 0.0ms)


  
ActionController::UnknownFormat (ActionController::UnknownFormat):
  
app/controllers/api/v1/items_controller.rb:4:in `index'
Started GET "/api/v1/items.txt" for 127.0.0.1 at 2018-05-07 01:08:29 +0300
Processing by Api::V1::ItemsController#index as TEXT
Completed 406 Not Acceptable in 1ms (ActiveRecord: 0.0ms)


  
ActionController::UnknownFormat (ActionController::UnknownFormat):
  
app/controllers/api/v1/items_controller.rb:4:in `index'
Started GET "/api/v1/items.json" for 127.0.0.1 at 2018-05-07 01:08:33 +0300
Processing by Api::V1::ItemsController#index as JSON
  [1m[36mItem Load (0.3ms)[0m  [1m[34mSELECT "items".* FROM "items"[0m
  ↳ app/controllers/api/v1/items_controller.rb:4
Completed 200 OK in 8ms (Views: 2.3ms | ActiveRecord: 0.3ms)


Started GET "/" for 127.0.0.1 at 2018-05-07 01:10:12 +0300
Processing by SiteController#index as HTML
  Rendering site/index.html.erb within layouts/application
  Rendered site/index.html.erb within layouts/application (1.1ms)
Completed 200 OK in 1280ms (Views: 1277.1ms | ActiveRecord: 0.0ms)


